<?xml version="1.0" encoding="UTF-8"?>
<testng-results skipped="0" failed="0" ignored="0" total="1" passed="1">
  <reporter-output>
  </reporter-output>
  <suite name="Surefire suite" duration-ms="62" started-at="2021-12-02T21:27:20 IST" finished-at="2021-12-02T21:27:20 IST">
    <groups>
    </groups>
    <test name="Surefire test" duration-ms="62" started-at="2021-12-02T21:27:20 IST" finished-at="2021-12-02T21:27:20 IST">
      <class name="TestingProj.AppTest">
        <test-method status="PASS" signature="testApp()[pri:0, instance:testApp(TestingProj.AppTest)]" name="testApp" duration-ms="5" started-at="2021-12-02T21:27:20 IST" finished-at="2021-12-02T21:27:20 IST">
          <reporter-output>
          </reporter-output>
        </test-method> <!-- testApp -->
      </class> <!-- TestingProj.AppTest -->
    </test> <!-- Surefire test -->
  </suite> <!-- Surefire suite -->
</testng-results>
