<?xml version="1.0" encoding="UTF-8"?>
<!-- Generated by org.testng.reporters.JUnitXMLReporter -->
<testsuite hostname="sit-PC" ignored="0" name="Command line test" tests="6" failures="0" timestamp="2022-02-20T16:53:05 IST" time="0.247" errors="0">
  <testcase name="FirstBad" time="0.022" classname="TestingProj.FirstTest"/>
  <testcase name="FirstGood" time="0.001" classname="TestingProj.FirstTest"/>
  <testcase name="SecondBad" time="0.0" classname="TestingProj.SecondTest"/>
  <testcase name="SecondGood" time="0.001" classname="TestingProj.SecondTest"/>
  <testcase name="ThirdBad" time="0.001" classname="TestingProj.ThirdTest"/>
  <testcase name="ThirdGood" time="0.0" classname="TestingProj.ThirdTest"/>
</testsuite> <!-- Command line test -->
