<?xml version="1.0" encoding="UTF-8"?>
<!-- Generated by org.testng.reporters.JUnitXMLReporter -->
<testsuite hostname="sit-PC" ignored="0" name="Test" tests="6" failures="0" timestamp="2022-02-19T21:46:03 IST" time="13.38" errors="0">
  <testcase name="SecondBad" time="2.301" classname="TestingProj.SecondTest"/>
  <testcase name="SecondGood" time="0.002" classname="TestingProj.SecondTest"/>
  <testcase name="FirstBad" time="0.002" classname="TestingProj.FirstTest"/>
  <testcase name="FirstGood" time="0.011" classname="TestingProj.FirstTest"/>
  <testcase name="ThirdBad" time="0.004" classname="TestingProj.ThirdTest"/>
  <testcase name="ThirdGood" time="0.001" classname="TestingProj.ThirdTest"/>
</testsuite> <!-- Test -->
