<?xml version="1.0" encoding="UTF-8"?>
<testng-results skipped="0" failed="0" ignored="0" total="6" passed="6">
  <reporter-output>
  </reporter-output>
  <suite name="Command line suite" duration-ms="247" started-at="2022-02-20T16:53:05 IST" finished-at="2022-02-20T16:53:05 IST">
    <groups>
    </groups>
    <test name="Command line test" duration-ms="247" started-at="2022-02-20T16:53:05 IST" finished-at="2022-02-20T16:53:05 IST">
      <class name="TestingProj.SecondTest">
        <test-method status="PASS" signature="SecondBad()[pri:0, instance:TestingProj.SecondTest@10366b4]" name="SecondBad" duration-ms="0" started-at="2022-02-20T16:53:05 IST" finished-at="2022-02-20T16:53:05 IST">
          <reporter-output>
          </reporter-output>
        </test-method> <!-- SecondBad -->
        <test-method status="PASS" signature="SecondGood()[pri:0, instance:TestingProj.SecondTest@10366b4]" name="SecondGood" duration-ms="1" started-at="2022-02-20T16:53:05 IST" finished-at="2022-02-20T16:53:05 IST">
          <reporter-output>
          </reporter-output>
        </test-method> <!-- SecondGood -->
      </class> <!-- TestingProj.SecondTest -->
      <class name="TestingProj.FirstTest">
        <test-method status="PASS" signature="FirstBad()[pri:0, instance:TestingProj.FirstTest@15eadca]" name="FirstBad" duration-ms="22" started-at="2022-02-20T16:53:05 IST" finished-at="2022-02-20T16:53:05 IST">
          <reporter-output>
          </reporter-output>
        </test-method> <!-- FirstBad -->
        <test-method status="PASS" signature="FirstGood()[pri:0, instance:TestingProj.FirstTest@15eadca]" name="FirstGood" duration-ms="1" started-at="2022-02-20T16:53:05 IST" finished-at="2022-02-20T16:53:05 IST">
          <reporter-output>
          </reporter-output>
        </test-method> <!-- FirstGood -->
      </class> <!-- TestingProj.FirstTest -->
      <class name="TestingProj.ThirdTest">
        <test-method status="PASS" signature="ThirdBad()[pri:0, instance:TestingProj.ThirdTest@ec5a4a]" name="ThirdBad" duration-ms="1" started-at="2022-02-20T16:53:05 IST" finished-at="2022-02-20T16:53:05 IST">
          <reporter-output>
          </reporter-output>
        </test-method> <!-- ThirdBad -->
        <test-method status="PASS" signature="ThirdGood()[pri:0, instance:TestingProj.ThirdTest@ec5a4a]" name="ThirdGood" duration-ms="0" started-at="2022-02-20T16:53:05 IST" finished-at="2022-02-20T16:53:05 IST">
          <reporter-output>
          </reporter-output>
        </test-method> <!-- ThirdGood -->
      </class> <!-- TestingProj.ThirdTest -->
    </test> <!-- Command line test -->
  </suite> <!-- Command line suite -->
</testng-results>
